2020-12-06T00:05:20+00:00 CRITICAL Uncaught Error: Call to a member function get_permalink() on null in C:\Program Files\Ampps\www\shop-tenta\woocommerce-tenta\wp-content\themes\project-shop\loop-templates\content-product.php:44
Stack trace:
#0 C:\Program Files\Ampps\www\shop-tenta\woocommerce-tenta\wp-includes\template.php(732): require()
#1 C:\Program Files\Ampps\www\shop-tenta\woocommerce-tenta\wp-includes\template.php(676): load_template('C:\\Program File...', false, Array)
#2 C:\Program Files\Ampps\www\shop-tenta\woocommerce-tenta\wp-includes\general-template.php(204): locate_template(Array, true, false, Array)
#3 C:\Program Files\Ampps\www\shop-tenta\woocommerce-tenta\wp-content\themes\project-shop\archive-product.php(33): get_template_part('loop-templates/...', 'product')
#4 C:\Program Files\Ampps\www\shop-tenta\woocommerce-tenta\wp-includes\template-loader.php(106): include('C:\\Program File...')
#5 C:\Program Files\Ampps\www\shop-tenta\woocommerce-tenta\wp-blog-header.php(19): require_once('C:\\Program File...')
#6 C:\Program Files\Am in C:\Program Files\Ampps\www\shop-tenta\woocommerce-tenta\wp-content\themes\project-shop\loop-templates\content-product.php on line 44

2020-12-06T00:08:44+00:00 CRITICAL Uncaught Error: Call to a member function get_image() on null in C:\Program Files\Ampps\www\shop-tenta\woocommerce-tenta\wp-content\themes\project-shop\loop-templates\content-product.php:39
Stack trace:
#0 C:\Program Files\Ampps\www\shop-tenta\woocommerce-tenta\wp-includes\template.php(732): require()
#1 C:\Program Files\Ampps\www\shop-tenta\woocommerce-tenta\wp-includes\template.php(676): load_template('C:\\Program File...', false, Array)
#2 C:\Program Files\Ampps\www\shop-tenta\woocommerce-tenta\wp-includes\general-template.php(204): locate_template(Array, true, false, Array)
#3 C:\Program Files\Ampps\www\shop-tenta\woocommerce-tenta\wp-content\themes\project-shop\archive-product.php(33): get_template_part('loop-templates/...', 'product')
#4 C:\Program Files\Ampps\www\shop-tenta\woocommerce-tenta\wp-includes\template-loader.php(106): include('C:\\Program File...')
#5 C:\Program Files\Ampps\www\shop-tenta\woocommerce-tenta\wp-blog-header.php(19): require_once('C:\\Program File...')
#6 C:\Program Files\Ampps\ in C:\Program Files\Ampps\www\shop-tenta\woocommerce-tenta\wp-content\themes\project-shop\loop-templates\content-product.php on line 39

2020-12-06T00:09:21+00:00 CRITICAL Uncaught Error: Call to a member function get_permalink() on null in C:\Program Files\Ampps\www\shop-tenta\woocommerce-tenta\wp-content\themes\project-shop\loop-templates\content-product.php:43
Stack trace:
#0 C:\Program Files\Ampps\www\shop-tenta\woocommerce-tenta\wp-includes\template.php(732): require()
#1 C:\Program Files\Ampps\www\shop-tenta\woocommerce-tenta\wp-includes\template.php(676): load_template('C:\\Program File...', false, Array)
#2 C:\Program Files\Ampps\www\shop-tenta\woocommerce-tenta\wp-includes\general-template.php(204): locate_template(Array, true, false, Array)
#3 C:\Program Files\Ampps\www\shop-tenta\woocommerce-tenta\wp-content\themes\project-shop\archive-product.php(33): get_template_part('loop-templates/...', 'product')
#4 C:\Program Files\Ampps\www\shop-tenta\woocommerce-tenta\wp-includes\template-loader.php(106): include('C:\\Program File...')
#5 C:\Program Files\Ampps\www\shop-tenta\woocommerce-tenta\wp-blog-header.php(19): require_once('C:\\Program File...')
#6 C:\Program Files\Am in C:\Program Files\Ampps\www\shop-tenta\woocommerce-tenta\wp-content\themes\project-shop\loop-templates\content-product.php on line 43

2020-12-06T00:09:34+00:00 CRITICAL Uncaught Error: Call to a member function get_permalink() on null in C:\Program Files\Ampps\www\shop-tenta\woocommerce-tenta\wp-content\themes\project-shop\loop-templates\content-product.php:43
Stack trace:
#0 C:\Program Files\Ampps\www\shop-tenta\woocommerce-tenta\wp-includes\template.php(732): require()
#1 C:\Program Files\Ampps\www\shop-tenta\woocommerce-tenta\wp-includes\template.php(676): load_template('C:\\Program File...', false, Array)
#2 C:\Program Files\Ampps\www\shop-tenta\woocommerce-tenta\wp-includes\general-template.php(204): locate_template(Array, true, false, Array)
#3 C:\Program Files\Ampps\www\shop-tenta\woocommerce-tenta\wp-content\themes\project-shop\archive-product.php(33): get_template_part('loop-templates/...', 'product')
#4 C:\Program Files\Ampps\www\shop-tenta\woocommerce-tenta\wp-includes\template-loader.php(106): include('C:\\Program File...')
#5 C:\Program Files\Ampps\www\shop-tenta\woocommerce-tenta\wp-blog-header.php(19): require_once('C:\\Program File...')
#6 C:\Program Files\Am in C:\Program Files\Ampps\www\shop-tenta\woocommerce-tenta\wp-content\themes\project-shop\loop-templates\content-product.php on line 43

2020-12-06T00:10:13+00:00 CRITICAL Uncaught Error: Call to a member function get_permalink() on null in C:\Program Files\Ampps\www\shop-tenta\woocommerce-tenta\wp-content\themes\project-shop\loop-templates\content-product.php:43
Stack trace:
#0 C:\Program Files\Ampps\www\shop-tenta\woocommerce-tenta\wp-includes\template.php(732): require()
#1 C:\Program Files\Ampps\www\shop-tenta\woocommerce-tenta\wp-includes\template.php(676): load_template('C:\\Program File...', false, Array)
#2 C:\Program Files\Ampps\www\shop-tenta\woocommerce-tenta\wp-includes\general-template.php(204): locate_template(Array, true, false, Array)
#3 C:\Program Files\Ampps\www\shop-tenta\woocommerce-tenta\wp-content\themes\project-shop\archive-product.php(33): get_template_part('loop-templates/...', 'product')
#4 C:\Program Files\Ampps\www\shop-tenta\woocommerce-tenta\wp-includes\template-loader.php(106): include('C:\\Program File...')
#5 C:\Program Files\Ampps\www\shop-tenta\woocommerce-tenta\wp-blog-header.php(19): require_once('C:\\Program File...')
#6 C:\Program Files\Am in C:\Program Files\Ampps\www\shop-tenta\woocommerce-tenta\wp-content\themes\project-shop\loop-templates\content-product.php on line 43

2020-12-06T00:11:17+00:00 CRITICAL Uncaught Error: Call to a member function get_permalink() on null in C:\Program Files\Ampps\www\shop-tenta\woocommerce-tenta\wp-content\themes\project-shop\loop-templates\content-product.php:43
Stack trace:
#0 C:\Program Files\Ampps\www\shop-tenta\woocommerce-tenta\wp-includes\template.php(732): require()
#1 C:\Program Files\Ampps\www\shop-tenta\woocommerce-tenta\wp-includes\template.php(676): load_template('C:\\Program File...', false, Array)
#2 C:\Program Files\Ampps\www\shop-tenta\woocommerce-tenta\wp-includes\general-template.php(204): locate_template(Array, true, false, Array)
#3 C:\Program Files\Ampps\www\shop-tenta\woocommerce-tenta\wp-content\themes\project-shop\archive-product.php(33): get_template_part('loop-templates/...', 'product')
#4 C:\Program Files\Ampps\www\shop-tenta\woocommerce-tenta\wp-includes\template-loader.php(106): include('C:\\Program File...')
#5 C:\Program Files\Ampps\www\shop-tenta\woocommerce-tenta\wp-blog-header.php(19): require_once('C:\\Program File...')
#6 C:\Program Files\Am in C:\Program Files\Ampps\www\shop-tenta\woocommerce-tenta\wp-content\themes\project-shop\loop-templates\content-product.php on line 43

2020-12-06T00:13:02+00:00 CRITICAL Uncaught Error: Call to a member function get_permalink() on null in C:\Program Files\Ampps\www\shop-tenta\woocommerce-tenta\wp-content\themes\project-shop\loop-templates\content-product.php:43
Stack trace:
#0 C:\Program Files\Ampps\www\shop-tenta\woocommerce-tenta\wp-includes\template.php(732): require()
#1 C:\Program Files\Ampps\www\shop-tenta\woocommerce-tenta\wp-includes\template.php(676): load_template('C:\\Program File...', false, Array)
#2 C:\Program Files\Ampps\www\shop-tenta\woocommerce-tenta\wp-includes\general-template.php(204): locate_template(Array, true, false, Array)
#3 C:\Program Files\Ampps\www\shop-tenta\woocommerce-tenta\wp-content\themes\project-shop\archive-product.php(33): get_template_part('loop-templates/...', 'product')
#4 C:\Program Files\Ampps\www\shop-tenta\woocommerce-tenta\wp-includes\template-loader.php(106): include('C:\\Program File...')
#5 C:\Program Files\Ampps\www\shop-tenta\woocommerce-tenta\wp-blog-header.php(19): require_once('C:\\Program File...')
#6 C:\Program Files\Am in C:\Program Files\Ampps\www\shop-tenta\woocommerce-tenta\wp-content\themes\project-shop\loop-templates\content-product.php on line 43

2020-12-06T00:13:23+00:00 CRITICAL Uncaught Error: Call to a member function get_permalink() on null in C:\Program Files\Ampps\www\shop-tenta\woocommerce-tenta\wp-content\themes\project-shop\loop-templates\content-product.php:43
Stack trace:
#0 C:\Program Files\Ampps\www\shop-tenta\woocommerce-tenta\wp-includes\template.php(732): require()
#1 C:\Program Files\Ampps\www\shop-tenta\woocommerce-tenta\wp-includes\template.php(676): load_template('C:\\Program File...', false, Array)
#2 C:\Program Files\Ampps\www\shop-tenta\woocommerce-tenta\wp-includes\general-template.php(204): locate_template(Array, true, false, Array)
#3 C:\Program Files\Ampps\www\shop-tenta\woocommerce-tenta\wp-content\themes\project-shop\archive-product.php(33): get_template_part('loop-templates/...', 'product')
#4 C:\Program Files\Ampps\www\shop-tenta\woocommerce-tenta\wp-includes\template-loader.php(106): include('C:\\Program File...')
#5 C:\Program Files\Ampps\www\shop-tenta\woocommerce-tenta\wp-blog-header.php(19): require_once('C:\\Program File...')
#6 C:\Program Files\Am in C:\Program Files\Ampps\www\shop-tenta\woocommerce-tenta\wp-content\themes\project-shop\loop-templates\content-product.php on line 43

2020-12-06T00:14:12+00:00 CRITICAL Uncaught Error: Call to a member function get_permalink() on null in C:\Program Files\Ampps\www\shop-tenta\woocommerce-tenta\wp-content\themes\project-shop\loop-templates\content-product.php:43
Stack trace:
#0 C:\Program Files\Ampps\www\shop-tenta\woocommerce-tenta\wp-includes\template.php(732): require()
#1 C:\Program Files\Ampps\www\shop-tenta\woocommerce-tenta\wp-includes\template.php(676): load_template('C:\\Program File...', false, Array)
#2 C:\Program Files\Ampps\www\shop-tenta\woocommerce-tenta\wp-includes\general-template.php(204): locate_template(Array, true, false, Array)
#3 C:\Program Files\Ampps\www\shop-tenta\woocommerce-tenta\wp-content\themes\project-shop\archive-product.php(33): get_template_part('loop-templates/...', 'product')
#4 C:\Program Files\Ampps\www\shop-tenta\woocommerce-tenta\wp-includes\template-loader.php(106): include('C:\\Program File...')
#5 C:\Program Files\Ampps\www\shop-tenta\woocommerce-tenta\wp-blog-header.php(19): require_once('C:\\Program File...')
#6 C:\Program Files\Am in C:\Program Files\Ampps\www\shop-tenta\woocommerce-tenta\wp-content\themes\project-shop\loop-templates\content-product.php on line 43

2020-12-06T00:14:29+00:00 CRITICAL Uncaught Error: Call to a member function get_permalink() on null in C:\Program Files\Ampps\www\shop-tenta\woocommerce-tenta\wp-content\themes\project-shop\loop-templates\content-product.php:43
Stack trace:
#0 C:\Program Files\Ampps\www\shop-tenta\woocommerce-tenta\wp-includes\template.php(732): require()
#1 C:\Program Files\Ampps\www\shop-tenta\woocommerce-tenta\wp-includes\template.php(676): load_template('C:\\Program File...', false, Array)
#2 C:\Program Files\Ampps\www\shop-tenta\woocommerce-tenta\wp-includes\general-template.php(204): locate_template(Array, true, false, Array)
#3 C:\Program Files\Ampps\www\shop-tenta\woocommerce-tenta\wp-content\themes\project-shop\archive-product.php(33): get_template_part('loop-templates/...', 'product')
#4 C:\Program Files\Ampps\www\shop-tenta\woocommerce-tenta\wp-includes\template-loader.php(106): include('C:\\Program File...')
#5 C:\Program Files\Ampps\www\shop-tenta\woocommerce-tenta\wp-blog-header.php(19): require_once('C:\\Program File...')
#6 C:\Program Files\Am in C:\Program Files\Ampps\www\shop-tenta\woocommerce-tenta\wp-content\themes\project-shop\loop-templates\content-product.php on line 43

2020-12-06T00:15:40+00:00 CRITICAL Uncaught Error: Call to a member function get_permalink() on null in C:\Program Files\Ampps\www\shop-tenta\woocommerce-tenta\wp-content\themes\project-shop\loop-templates\content-product.php:43
Stack trace:
#0 C:\Program Files\Ampps\www\shop-tenta\woocommerce-tenta\wp-includes\template.php(732): require()
#1 C:\Program Files\Ampps\www\shop-tenta\woocommerce-tenta\wp-includes\template.php(676): load_template('C:\\Program File...', false, Array)
#2 C:\Program Files\Ampps\www\shop-tenta\woocommerce-tenta\wp-includes\general-template.php(204): locate_template(Array, true, false, Array)
#3 C:\Program Files\Ampps\www\shop-tenta\woocommerce-tenta\wp-content\themes\project-shop\archive-product.php(33): get_template_part('loop-templates/...', 'product')
#4 C:\Program Files\Ampps\www\shop-tenta\woocommerce-tenta\wp-includes\template-loader.php(106): include('C:\\Program File...')
#5 C:\Program Files\Ampps\www\shop-tenta\woocommerce-tenta\wp-blog-header.php(19): require_once('C:\\Program File...')
#6 C:\Program Files\Am in C:\Program Files\Ampps\www\shop-tenta\woocommerce-tenta\wp-content\themes\project-shop\loop-templates\content-product.php on line 43

2020-12-06T00:15:49+00:00 CRITICAL Uncaught Error: Call to a member function get_permalink() on null in C:\Program Files\Ampps\www\shop-tenta\woocommerce-tenta\wp-content\themes\project-shop\loop-templates\content-product.php:43
Stack trace:
#0 C:\Program Files\Ampps\www\shop-tenta\woocommerce-tenta\wp-includes\template.php(732): require()
#1 C:\Program Files\Ampps\www\shop-tenta\woocommerce-tenta\wp-includes\template.php(676): load_template('C:\\Program File...', false, Array)
#2 C:\Program Files\Ampps\www\shop-tenta\woocommerce-tenta\wp-includes\general-template.php(204): locate_template(Array, true, false, Array)
#3 C:\Program Files\Ampps\www\shop-tenta\woocommerce-tenta\wp-content\themes\project-shop\archive-product.php(33): get_template_part('loop-templates/...', 'product')
#4 C:\Program Files\Ampps\www\shop-tenta\woocommerce-tenta\wp-includes\template-loader.php(106): include('C:\\Program File...')
#5 C:\Program Files\Ampps\www\shop-tenta\woocommerce-tenta\wp-blog-header.php(19): require_once('C:\\Program File...')
#6 C:\Program Files\Am in C:\Program Files\Ampps\www\shop-tenta\woocommerce-tenta\wp-content\themes\project-shop\loop-templates\content-product.php on line 43

2020-12-06T00:16:11+00:00 CRITICAL Uncaught Error: Call to a member function get_permalink() on null in C:\Program Files\Ampps\www\shop-tenta\woocommerce-tenta\wp-content\themes\project-shop\loop-templates\content-product.php:43
Stack trace:
#0 C:\Program Files\Ampps\www\shop-tenta\woocommerce-tenta\wp-includes\template.php(732): require()
#1 C:\Program Files\Ampps\www\shop-tenta\woocommerce-tenta\wp-includes\template.php(676): load_template('C:\\Program File...', false, Array)
#2 C:\Program Files\Ampps\www\shop-tenta\woocommerce-tenta\wp-includes\general-template.php(204): locate_template(Array, true, false, Array)
#3 C:\Program Files\Ampps\www\shop-tenta\woocommerce-tenta\wp-content\themes\project-shop\archive-product.php(33): get_template_part('loop-templates/...', 'product')
#4 C:\Program Files\Ampps\www\shop-tenta\woocommerce-tenta\wp-includes\template-loader.php(106): include('C:\\Program File...')
#5 C:\Program Files\Ampps\www\shop-tenta\woocommerce-tenta\wp-blog-header.php(19): require_once('C:\\Program File...')
#6 C:\Program Files\Am in C:\Program Files\Ampps\www\shop-tenta\woocommerce-tenta\wp-content\themes\project-shop\loop-templates\content-product.php on line 43

2020-12-06T00:16:27+00:00 CRITICAL Uncaught Error: Call to a member function get_permalink() on null in C:\Program Files\Ampps\www\shop-tenta\woocommerce-tenta\wp-content\themes\project-shop\loop-templates\content-product.php:43
Stack trace:
#0 C:\Program Files\Ampps\www\shop-tenta\woocommerce-tenta\wp-includes\template.php(732): require()
#1 C:\Program Files\Ampps\www\shop-tenta\woocommerce-tenta\wp-includes\template.php(676): load_template('C:\\Program File...', false, Array)
#2 C:\Program Files\Ampps\www\shop-tenta\woocommerce-tenta\wp-includes\general-template.php(204): locate_template(Array, true, false, Array)
#3 C:\Program Files\Ampps\www\shop-tenta\woocommerce-tenta\wp-content\themes\project-shop\archive-product.php(33): get_template_part('loop-templates/...', 'product')
#4 C:\Program Files\Ampps\www\shop-tenta\woocommerce-tenta\wp-includes\template-loader.php(106): include('C:\\Program File...')
#5 C:\Program Files\Ampps\www\shop-tenta\woocommerce-tenta\wp-blog-header.php(19): require_once('C:\\Program File...')
#6 C:\Program Files\Am in C:\Program Files\Ampps\www\shop-tenta\woocommerce-tenta\wp-content\themes\project-shop\loop-templates\content-product.php on line 43

2020-12-06T15:19:06+00:00 CRITICAL syntax error, unexpected ''Main Menu'' (T_CONSTANT_ENCAPSED_STRING), expecting ')' in C:\Program Files\Ampps\www\shop-tenta\woocommerce-tenta\wp-content\themes\project-shop\functions.php on line 24

2020-12-06T15:19:10+00:00 CRITICAL syntax error, unexpected ''Main Menu'' (T_CONSTANT_ENCAPSED_STRING), expecting ')' in C:\Program Files\Ampps\www\shop-tenta\woocommerce-tenta\wp-content\themes\project-shop\functions.php on line 24

2020-12-06T15:20:06+00:00 CRITICAL syntax error, unexpected ''Main Menu'' (T_CONSTANT_ENCAPSED_STRING), expecting ')' in C:\Program Files\Ampps\www\shop-tenta\woocommerce-tenta\wp-content\themes\project-shop\functions.php on line 24

2020-12-06T15:20:09+00:00 CRITICAL syntax error, unexpected ''Main Menu'' (T_CONSTANT_ENCAPSED_STRING), expecting ')' in C:\Program Files\Ampps\www\shop-tenta\woocommerce-tenta\wp-content\themes\project-shop\functions.php on line 24

2020-12-06T18:24:43+00:00 CRITICAL syntax error, unexpected ';', expecting ':' in C:\Program Files\Ampps\www\shop-tenta\woocommerce-tenta\wp-content\themes\project-shop\front-page.php on line 22

2020-12-06T18:40:14+00:00 CRITICAL syntax error, unexpected ''class'' (T_CONSTANT_ENCAPSED_STRING), expecting ')' in C:\Program Files\Ampps\www\shop-tenta\woocommerce-tenta\wp-content\themes\project-shop\functions.php on line 32

2020-12-06T18:40:14+00:00 CRITICAL syntax error, unexpected ''class'' (T_CONSTANT_ENCAPSED_STRING), expecting ')' in C:\Program Files\Ampps\www\shop-tenta\woocommerce-tenta\wp-content\themes\project-shop\functions.php on line 32

2020-12-06T18:40:47+00:00 CRITICAL syntax error, unexpected ''class'' (T_CONSTANT_ENCAPSED_STRING), expecting ')' in C:\Program Files\Ampps\www\shop-tenta\woocommerce-tenta\wp-content\themes\project-shop\functions.php on line 32

2020-12-06T18:41:02+00:00 CRITICAL syntax error, unexpected ''before_title'' (T_CONSTANT_ENCAPSED_STRING), expecting ')' in C:\Program Files\Ampps\www\shop-tenta\woocommerce-tenta\wp-content\themes\project-shop\functions.php on line 32

2020-12-06T18:41:29+00:00 CRITICAL syntax error, unexpected ''before_title'' (T_CONSTANT_ENCAPSED_STRING), expecting ')' in C:\Program Files\Ampps\www\shop-tenta\woocommerce-tenta\wp-content\themes\project-shop\functions.php on line 32

2020-12-06T18:41:44+00:00 CRITICAL syntax error, unexpected ''before_title'' (T_CONSTANT_ENCAPSED_STRING), expecting ')' in C:\Program Files\Ampps\www\shop-tenta\woocommerce-tenta\wp-content\themes\project-shop\functions.php on line 32

2020-12-06T18:41:48+00:00 CRITICAL syntax error, unexpected ''before_title'' (T_CONSTANT_ENCAPSED_STRING), expecting ')' in C:\Program Files\Ampps\www\shop-tenta\woocommerce-tenta\wp-content\themes\project-shop\functions.php on line 32

2020-12-06T18:41:53+00:00 CRITICAL syntax error, unexpected ''before_title'' (T_CONSTANT_ENCAPSED_STRING), expecting ')' in C:\Program Files\Ampps\www\shop-tenta\woocommerce-tenta\wp-content\themes\project-shop\functions.php on line 32

2020-12-06T23:50:16+00:00 CRITICAL Maximum execution time of 30 seconds exceeded in C:\Program Files\Ampps\www\shop-tenta\woocommerce-tenta\wp-content\themes\project-shop\archive-blog_post.php on line 1

2020-12-06T23:53:02+00:00 CRITICAL Maximum execution time of 30 seconds exceeded in C:\Program Files\Ampps\www\shop-tenta\woocommerce-tenta\wp-includes\general-template.php on line 115

2020-12-06T23:54:14+00:00 CRITICAL Maximum execution time of 30 seconds exceeded in C:\Program Files\Ampps\www\shop-tenta\woocommerce-tenta\wp-includes\template.php on line 663

2020-12-06T23:55:17+00:00 CRITICAL Maximum execution time of 30 seconds exceeded in C:\Program Files\Ampps\www\shop-tenta\woocommerce-tenta\wp-includes\class-wp-query.php on line 4345

